Build started 4-3-2014 14:11:07.
     1>Project "C:\Users\Madmilla\Documents\GitHub\2C-W1-VSN\opdracht1\opdracht1\opdracht1.vcxproj" on node 2 (Build target(s)).
     1>ClCompile:
         C:\Program Files (x86)\Microsoft Visual Studio 12.0\VC\bin\CL.exe /c /I"C:\Users\Madmilla\Documents\GitHub\2C-W1-VSN\opdracht1\opdracht1\/FreeImage" /ZI /nologo /W3 /WX- /Od /Oy- /D WIN32 /D _DEBUG /D _CONSOLE /D _LIB /D _UNICODE /D UNICODE /Gm /EHsc /RTC1 /MDd /GS /fp:precise /Zc:wchar_t /Zc:forScope /Fo"Debug\\" /Fd"Debug\vc120.pdb" /Gd /TP /analyze- /errorReport:prompt bm.cpp
         bm.cpp
     1>c:\users\madmilla\documents\github\2c-w1-vsn\opdracht1\opdracht1\bm.cpp(53): warning C4018: '<' : signed/unsigned mismatch
     1>c:\users\madmilla\documents\github\2c-w1-vsn\opdracht1\opdracht1\bm.cpp(104): warning C4996: 'fopen': This function or variable may be unsafe. Consider using fopen_s instead. To disable deprecation, use _CRT_SECURE_NO_WARNINGS. See online help for details.
                 c:\program files (x86)\microsoft visual studio 12.0\vc\include\stdio.h(211) : see declaration of 'fopen'
     1>c:\users\madmilla\documents\github\2c-w1-vsn\opdracht1\opdracht1\bm.cpp(102): warning C4101: 'row' : unreferenced local variable
     1>c:\users\madmilla\documents\github\2c-w1-vsn\opdracht1\opdracht1\bm.cpp(103): warning C4101: 'buffer' : unreferenced local variable
     1>c:\users\madmilla\documents\github\2c-w1-vsn\opdracht1\opdracht1\bm.cpp(158): warning C4996: 'fopen': This function or variable may be unsafe. Consider using fopen_s instead. To disable deprecation, use _CRT_SECURE_NO_WARNINGS. See online help for details.
                 c:\program files (x86)\microsoft visual studio 12.0\vc\include\stdio.h(211) : see declaration of 'fopen'
     1>c:\users\madmilla\documents\github\2c-w1-vsn\opdracht1\opdracht1\bm.cpp(256): warning C4018: '<' : signed/unsigned mismatch
     1>c:\users\madmilla\documents\github\2c-w1-vsn\opdracht1\opdracht1\bm.cpp(337): warning C4018: '<' : signed/unsigned mismatch
     1>c:\users\madmilla\documents\github\2c-w1-vsn\opdracht1\opdracht1\bm.cpp(339): warning C4018: '<' : signed/unsigned mismatch
     1>c:\users\madmilla\documents\github\2c-w1-vsn\opdracht1\opdracht1\bm.cpp(440): warning C4018: '<' : signed/unsigned mismatch
     1>c:\users\madmilla\documents\github\2c-w1-vsn\opdracht1\opdracht1\bm.cpp(500): warning C4018: '<' : signed/unsigned mismatch
     1>c:\users\madmilla\documents\github\2c-w1-vsn\opdracht1\opdracht1\bm.cpp(511): warning C4018: '<' : signed/unsigned mismatch
     1>c:\users\madmilla\documents\github\2c-w1-vsn\opdracht1\opdracht1\bm.cpp(523): warning C4018: '<' : signed/unsigned mismatch
     1>c:\users\madmilla\documents\github\2c-w1-vsn\opdracht1\opdracht1\bm.cpp(534): warning C4018: '<' : signed/unsigned mismatch
     1>c:\users\madmilla\documents\github\2c-w1-vsn\opdracht1\opdracht1\bm.cpp(556): warning C4018: '<' : signed/unsigned mismatch
     1>c:\users\madmilla\documents\github\2c-w1-vsn\opdracht1\opdracht1\bm.cpp(149): warning C4700: uninitialized local variable 'bmp' used
       Link:
         C:\Program Files (x86)\Microsoft Visual Studio 12.0\VC\bin\link.exe /ERRORREPORT:PROMPT /OUT:"C:\Users\Madmilla\Documents\GitHub\2C-W1-VSN\opdracht1\Debug\opdracht1.exe" /INCREMENTAL /NOLOGO /LIBPATH:"C:\Users\Madmilla\Documents\GitHub\2C-W1-VSN\opdracht1\opdracht1\/FreeImage" FreeImage.lib kernel32.lib user32.lib gdi32.lib winspool.lib comdlg32.lib advapi32.lib shell32.lib ole32.lib oleaut32.lib uuid.lib odbc32.lib odbccp32.lib /MANIFEST /MANIFESTUAC:"level='asInvoker' uiAccess='false'" /manifest:embed /DEBUG /PDB:"C:\Users\Madmilla\Documents\GitHub\2C-W1-VSN\opdracht1\Debug\opdracht1.pdb" /SUBSYSTEM:CONSOLE /TLBID:1 /DYNAMICBASE /NXCOMPAT /IMPLIB:"C:\Users\Madmilla\Documents\GitHub\2C-W1-VSN\opdracht1\Debug\opdracht1.lib" /MACHINE:X86 Debug\bm.obj
         Debug\Main.obj
         opdracht1.vcxproj -> C:\Users\Madmilla\Documents\GitHub\2C-W1-VSN\opdracht1\Debug\opdracht1.exe
     1>Done Building Project "C:\Users\Madmilla\Documents\GitHub\2C-W1-VSN\opdracht1\opdracht1\opdracht1.vcxproj" (Build target(s)).

Build succeeded.

Time Elapsed 00:00:01.50
